Added Component: Designator=C1(0805)
Added Component: Designator=C2(0805)
Added Component: Designator=C3(0805)
Added Component: Designator=C4(0805)
Added Component: Designator=C5(0805)
Added Component: Designator=C6(0805)
Added Component: Designator=CN1(DS1022 1x3)
Added Component: Designator=CN2(DS1022 1x3)
Added Component: Designator=CN3(DS1022 1x3)
Added Component: Designator=JP2(Jumper)
Added Component: Designator=LD1(LED)
Added Component: Designator=LD2(LED)
Added Component: Designator=R2(0805)
Added Component: Designator=R3(0805)
Added Component: Designator=R4(0805)
Added Component: Designator=R5(0805)
Added Component: Designator=R6(0805)
Added Component: Designator=R7(0805)
Added Component: Designator=U1(ATmega8)
Added Component: Designator=X1(HC-49SM)
Added Component: Designator=XP1(Вилка ВН-10)
Added Component: Designator=XS1(DS1022 1x6)
Added Net: Name=+5-18V
Added Pin To Net: NetName=GND Pin=C1-1
Added Pin To Net: NetName=GND Pin=C2-1
Added Pin To Net: NetName=GND Pin=C3-1
Added Pin To Net: NetName=GND Pin=C4-1
Added Pin To Net: NetName=GND Pin=C5-1
Added Pin To Net: NetName=GND Pin=C6-1
Added Pin To Net: NetName=GND Pin=R2-2
Added Pin To Net: NetName=GND Pin=R6-2
Added Pin To Net: NetName=GND Pin=R7-2
Added Pin To Net: NetName=GND Pin=XP1-4
Added Pin To Net: NetName=GND Pin=XP1-6
Added Pin To Net: NetName=GND Pin=XP1-8
Added Pin To Net: NetName=GND Pin=XP1-10
Added Pin To Net: NetName=GND Pin=XS1-2
Added Net: Name=GND
Added Pin To Net: NetName=MISO Pin=U1-16
Added Pin To Net: NetName=MISO Pin=XP1-9
Added Net: Name=MISO
Added Pin To Net: NetName=MOSI Pin=U1-15
Added Pin To Net: NetName=MOSI Pin=XP1-1
Added Net: Name=MOSI
Added Pin To Net: NetName=NetB1_1 Pin=R3-2
Added Net: Name=NetB1_1
Added Pin To Net: NetName=NetB2_1 Pin=R4-2
Added Net: Name=NetB2_1
Added Pin To Net: NetName=NetB3_1 Pin=R5-2
Added Net: Name=NetB3_1
Added Pin To Net: NetName=NetC1_2 Pin=C1-2
Added Pin To Net: NetName=NetC1_2 Pin=U1-8
Added Pin To Net: NetName=NetC1_2 Pin=X1-2
Added Net: Name=NetC1_2
Added Pin To Net: NetName=NetC2_2 Pin=C2-2
Added Pin To Net: NetName=NetC2_2 Pin=U1-7
Added Pin To Net: NetName=NetC2_2 Pin=X1-1
Added Net: Name=NetC2_2
Added Pin To Net: NetName=NetC3_2 Pin=C3-2
Added Pin To Net: NetName=NetC3_2 Pin=C5-2
Added Net: Name=NetC3_2
Added Pin To Net: NetName=NetLD1_2 Pin=LD1-2
Added Pin To Net: NetName=NetLD1_2 Pin=R7-1
Added Net: Name=NetLD1_2
Added Pin To Net: NetName=NetLD2_2 Pin=LD2-2
Added Pin To Net: NetName=NetLD2_2 Pin=R6-1
Added Net: Name=NetLD2_2
Added Pin To Net: NetName=NetR2_1 Pin=R2-1
Added Pin To Net: NetName=NetR2_1 Pin=R3-1
Added Pin To Net: NetName=NetR2_1 Pin=R4-1
Added Pin To Net: NetName=NetR2_1 Pin=R5-1
Added Pin To Net: NetName=NetR2_1 Pin=U1-23
Added Net: Name=NetR2_1
Added Pin To Net: NetName=NetU1_3 Pin=U1-3
Added Pin To Net: NetName=NetU1_3 Pin=U1-5
Added Net: Name=NetU1_3
Added Pin To Net: NetName=NetU1_30 Pin=U1-30
Added Pin To Net: NetName=NetU1_30 Pin=XS1-3
Added Net: Name=NetU1_30
Added Pin To Net: NetName=NetU1_31 Pin=U1-31
Added Pin To Net: NetName=NetU1_31 Pin=XS1-4
Added Net: Name=NetU1_31
Added Pin To Net: NetName=PWM1 Pin=CN1-1
Added Pin To Net: NetName=PWM1 Pin=U1-12
Added Net: Name=PWM1
Added Pin To Net: NetName=PWM2 Pin=CN2-1
Added Pin To Net: NetName=PWM2 Pin=U1-13
Added Net: Name=PWM2
Added Pin To Net: NetName=PWM3 Pin=CN3-1
Added Pin To Net: NetName=PWM3 Pin=U1-14
Added Net: Name=PWM3
Added Pin To Net: NetName=RESET Pin=U1-29
Added Net: Name=RESET
Added Pin To Net: NetName=RES Pin=XP1-5
Added Net: Name=RES
Added Pin To Net: NetName=SCK Pin=U1-17
Added Pin To Net: NetName=SCK Pin=XP1-7
Added Net: Name=SCK
Added Pin To Net: NetName=VSS Pin=C6-2
Added Pin To Net: NetName=VSS Pin=JP2-1
Added Pin To Net: NetName=VSS Pin=LD1-1
Added Pin To Net: NetName=VSS Pin=U1-4
Added Pin To Net: NetName=VSS Pin=U1-6
Added Pin To Net: NetName=VSS Pin=XP1-2
Added Pin To Net: NetName=VSS Pin=XS1-1
Added Net: Name=VSS
Added Pin To Net: NetName=VS Pin=C4-2
Added Pin To Net: NetName=VS Pin=CN1-2
Added Pin To Net: NetName=VS Pin=CN2-2
Added Pin To Net: NetName=VS Pin=CN3-2
Added Pin To Net: NetName=VS Pin=JP2-2
Added Pin To Net: NetName=VS Pin=LD2-1
Added Net: Name=VS
Added Class: Name=Scheme
Added Room: Name=Scheme
