Added Component: Designator=B1(Button 5x5)
Added Component: Designator=B2(Button 5x5)
Added Component: Designator=B3(Button 5x5)
Added Component: Designator=C1(0805)
Added Component: Designator=C2(0805)
Added Component: Designator=C3(0805)
Added Component: Designator=C4(0805)
Added Component: Designator=C5(0805)
Added Component: Designator=C6(0805)
Added Component: Designator=C7(A)
Added Component: Designator=C8(0805)
Added Component: Designator=J1(LCD)
Added Component: Designator=J2(DS1022 1x6)
Added Component: Designator=J3(DS1022 1x3)
Added Component: Designator=J4(DS1022 1x3)
Added Component: Designator=J5(DS1022 1x3)
Added Component: Designator=J6(Вилка ВН-10)
Added Component: Designator=J7(Input power)
Added Component: Designator=JP1(JUMPER 3)
Added Component: Designator=JP2(Jumper)
Added Component: Designator=LD1(LED)
Added Component: Designator=LD2(LED)
Added Component: Designator=R6(0805)
Added Component: Designator=R7(0805)
Added Component: Designator=RV1(POT)
Added Component: Designator=U1(ATmega8)
Added Component: Designator=U2(7805 SMD)
Added Component: Designator=U3(7805 SMD)
Added Component: Designator=X1(HC-49SM)
Added Pin To Net: NetName=NetB1_1 Pin=B1-1
Added Pin To Net: NetName=GND Pin=B1-2
Added Pin To Net: NetName=GND Pin=B2-1
Added Pin To Net: NetName=NetB2_2 Pin=B2-2
Added Pin To Net: NetName=GND Pin=B3-1
Added Pin To Net: NetName=NetB3_2 Pin=B3-2
Added Pin To Net: NetName=GND Pin=C1-1
Added Pin To Net: NetName=NetC1_2 Pin=C1-2
Added Pin To Net: NetName=GND Pin=C2-1
Added Pin To Net: NetName=NetC2_2 Pin=C2-2
Added Pin To Net: NetName=GND Pin=C3-1
Added Pin To Net: NetName=NetC3_2 Pin=C3-2
Added Pin To Net: NetName=GND Pin=C4-1
Added Pin To Net: NetName=VS Pin=C4-2
Added Pin To Net: NetName=GND Pin=C5-1
Added Pin To Net: NetName=NetC3_2 Pin=C5-2
Added Pin To Net: NetName=GND Pin=C6-1
Added Pin To Net: NetName=VSS Pin=C6-2
Added Pin To Net: NetName=VSS Pin=C7-1
Added Pin To Net: NetName=GND Pin=C7-2
Added Pin To Net: NetName=VSS Pin=C8-1
Added Pin To Net: NetName=GND Pin=C8-2
Added Pin To Net: NetName=GND Pin=J1-1
Added Pin To Net: NetName=VSS Pin=J1-2
Added Pin To Net: NetName=NetJ1_3 Pin=J1-3
Added Pin To Net: NetName=RS Pin=J1-4
Added Pin To Net: NetName=GND Pin=J1-5
Added Pin To Net: NetName=E Pin=J1-6
Added Pin To Net: NetName=DB4 Pin=J1-11
Added Pin To Net: NetName=DB5 Pin=J1-12
Added Pin To Net: NetName=DB6 Pin=J1-13
Added Pin To Net: NetName=DB7 Pin=J1-14
Added Pin To Net: NetName=VSS Pin=J2-1
Added Pin To Net: NetName=GND Pin=J2-2
Added Pin To Net: NetName=NetJ2_3 Pin=J2-3
Added Pin To Net: NetName=NetJ2_4 Pin=J2-4
Added Pin To Net: NetName=PWM1 Pin=J3-1
Added Pin To Net: NetName=VS Pin=J3-2
Added Pin To Net: NetName=GND Pin=J3-3
Added Pin To Net: NetName=PWM2 Pin=J4-1
Added Pin To Net: NetName=VS Pin=J4-2
Added Pin To Net: NetName=GND Pin=J4-3
Added Pin To Net: NetName=PWM3 Pin=J5-1
Added Pin To Net: NetName=VS Pin=J5-2
Added Pin To Net: NetName=GND Pin=J5-3
Added Pin To Net: NetName=MOSI Pin=J6-1
Added Pin To Net: NetName=VSS Pin=J6-2
Added Pin To Net: NetName=GND Pin=J6-4
Added Pin To Net: NetName=RES Pin=J6-5
Added Pin To Net: NetName=GND Pin=J6-6
Added Pin To Net: NetName=SCK Pin=J6-7
Added Pin To Net: NetName=GND Pin=J6-8
Added Pin To Net: NetName=MISO Pin=J6-9
Added Pin To Net: NetName=GND Pin=J6-10
Added Pin To Net: NetName=NetJ7_1 Pin=J7-1
Added Pin To Net: NetName=GND Pin=J7-2
Added Pin To Net: NetName=VSS Pin=JP1-1
Added Pin To Net: NetName=NetJ7_1 Pin=JP1-2
Added Pin To Net: NetName=NetC3_2 Pin=JP1-3
Added Pin To Net: NetName=VSS Pin=JP2-1
Added Pin To Net: NetName=VS Pin=JP2-2
Added Pin To Net: NetName=VSS Pin=LD1-1
Added Pin To Net: NetName=NetLD1_2 Pin=LD1-2
Added Pin To Net: NetName=VS Pin=LD2-1
Added Pin To Net: NetName=NetLD2_2 Pin=LD2-2
Added Pin To Net: NetName=NetLD2_2 Pin=R6-1
Added Pin To Net: NetName=GND Pin=R6-2
Added Pin To Net: NetName=NetLD1_2 Pin=R7-1
Added Pin To Net: NetName=GND Pin=R7-2
Added Pin To Net: NetName=VSS Pin=RV1-1
Added Pin To Net: NetName=NetJ1_3 Pin=RV1-2
Added Pin To Net: NetName=GND Pin=RV1-3
Added Pin To Net: NetName=NetB2_2 Pin=U1-1
Added Pin To Net: NetName=NetB3_2 Pin=U1-2
Added Pin To Net: NetName=GND Pin=U1-3
Added Pin To Net: NetName=VSS Pin=U1-4
Added Pin To Net: NetName=GND Pin=U1-5
Added Pin To Net: NetName=VSS Pin=U1-6
Added Pin To Net: NetName=NetC2_2 Pin=U1-7
Added Pin To Net: NetName=NetC1_2 Pin=U1-8
Added Pin To Net: NetName=PWM1 Pin=U1-12
Added Pin To Net: NetName=PWM2 Pin=U1-13
Added Pin To Net: NetName=PWM3 Pin=U1-14
Added Pin To Net: NetName=MOSI Pin=U1-15
Added Pin To Net: NetName=MISO Pin=U1-16
Added Pin To Net: NetName=SCK Pin=U1-17
Added Pin To Net: NetName=VSS Pin=U1-18
Added Pin To Net: NetName=VSS Pin=U1-20
Added Pin To Net: NetName=GND Pin=U1-21
Added Pin To Net: NetName=RS Pin=U1-23
Added Pin To Net: NetName=E Pin=U1-24
Added Pin To Net: NetName=DB4 Pin=U1-25
Added Pin To Net: NetName=DB5 Pin=U1-26
Added Pin To Net: NetName=DB6 Pin=U1-27
Added Pin To Net: NetName=DB7 Pin=U1-28
Added Pin To Net: NetName=RESET Pin=U1-29
Added Pin To Net: NetName=NetJ2_3 Pin=U1-30
Added Pin To Net: NetName=NetJ2_4 Pin=U1-31
Added Pin To Net: NetName=NetB1_1 Pin=U1-32
Added Pin To Net: NetName=NetC3_2 Pin=U2-1
Added Pin To Net: NetName=GND Pin=U2-2
Added Pin To Net: NetName=VS Pin=U2-3
Added Pin To Net: NetName=NetC3_2 Pin=U3-1
Added Pin To Net: NetName=GND Pin=U3-2
Added Pin To Net: NetName=VSS Pin=U3-3
Added Pin To Net: NetName=NetC2_2 Pin=X1-1
Added Pin To Net: NetName=NetC1_2 Pin=X1-2
Added Member To Class: ClassName=Scheme Member=Component B1 Button
Added Member To Class: ClassName=Scheme Member=Component B2 Выбор формата выводимых данных
Added Member To Class: ClassName=Scheme Member=Component B3 Сохранение позиции курса
Added Member To Class: ClassName=Scheme Member=Component C1 С0805
Added Member To Class: ClassName=Scheme Member=Component C2 С0805
Added Member To Class: ClassName=Scheme Member=Component C3 С0805
Added Member To Class: ClassName=Scheme Member=Component C4 С0805
Added Member To Class: ClassName=Scheme Member=Component C5 С0805
Added Member To Class: ClassName=Scheme Member=Component C6 С0805
Added Member To Class: ClassName=Scheme Member=Component C7 С3/4
Added Member To Class: ClassName=Scheme Member=Component C8 С0805
Added Member To Class: ClassName=Scheme Member=Component J1 LCD
Added Member To Class: ClassName=Scheme Member=Component J2 MG-10-222
Added Member To Class: ClassName=Scheme Member=Component J3 Servo
Added Member To Class: ClassName=Scheme Member=Component J4 Servo
Added Member To Class: ClassName=Scheme Member=Component J5 Servo
Added Member To Class: ClassName=Scheme Member=Component J6 Вилка ВН-10
Added Member To Class: ClassName=Scheme Member=Component J7 Input power
Added Member To Class: ClassName=Scheme Member=Component JP1 Jumper 3
Added Member To Class: ClassName=Scheme Member=Component JP2 Jumper
Added Member To Class: ClassName=Scheme Member=Component LD1 LED
Added Member To Class: ClassName=Scheme Member=Component LD2 LED
Added Member To Class: ClassName=Scheme Member=Component R6 R0805
Added Member To Class: ClassName=Scheme Member=Component R7 R0805
Added Member To Class: ClassName=Scheme Member=Component RV1 POT
Added Member To Class: ClassName=Scheme Member=Component U1 ATmega8
Added Member To Class: ClassName=Scheme Member=Component U2 7805 SMD
Added Member To Class: ClassName=Scheme Member=Component U3 7805 SMD
Added Member To Class: ClassName=Scheme Member=Component X1 XTAL
Added Room: Name=Scheme
