Replace Part B1 Button in C:\Users\Шитов Дмитрий\Desktop\Диплом\Altium\diploma\Scheme.SchDoc with Button from giro-stable.SchLib
Replace Part B2 Button in C:\Users\Шитов Дмитрий\Desktop\Диплом\Altium\diploma\Scheme.SchDoc with Button from giro-stable.SchLib
Replace Part B3 Button in C:\Users\Шитов Дмитрий\Desktop\Диплом\Altium\diploma\Scheme.SchDoc with Button from giro-stable.SchLib
Replace Part C1 С0805 in C:\Users\Шитов Дмитрий\Desktop\Диплом\Altium\diploma\Scheme.SchDoc with С0805 from giro-stable.SchLib
Replace Part C2 С0805 in C:\Users\Шитов Дмитрий\Desktop\Диплом\Altium\diploma\Scheme.SchDoc with С0805 from giro-stable.SchLib
Replace Part C3 С0805 in C:\Users\Шитов Дмитрий\Desktop\Диплом\Altium\diploma\Scheme.SchDoc with С0805 from giro-stable.SchLib
Replace Part C4 С0805 in C:\Users\Шитов Дмитрий\Desktop\Диплом\Altium\diploma\Scheme.SchDoc with С0805 from giro-stable.SchLib
Replace Part C5 С0805 in C:\Users\Шитов Дмитрий\Desktop\Диплом\Altium\diploma\Scheme.SchDoc with С0805 from giro-stable.SchLib
Replace Part C6 С0805 in C:\Users\Шитов Дмитрий\Desktop\Диплом\Altium\diploma\Scheme.SchDoc with С0805 from giro-stable.SchLib
Replace Part CN1 Servo in C:\Users\Шитов Дмитрий\Desktop\Диплом\Altium\diploma\Scheme.SchDoc with Servo from giro-stable.SchLib
Replace Part CN2 Servo in C:\Users\Шитов Дмитрий\Desktop\Диплом\Altium\diploma\Scheme.SchDoc with Servo from giro-stable.SchLib
Replace Part CN3 Servo in C:\Users\Шитов Дмитрий\Desktop\Диплом\Altium\diploma\Scheme.SchDoc with Servo from giro-stable.SchLib
Replace Part JP1 Jumper 3 in C:\Users\Шитов Дмитрий\Desktop\Диплом\Altium\diploma\Scheme.SchDoc with Jumper 3 from giro-stable.SchLib
Replace Part JP2 Jumper in C:\Users\Шитов Дмитрий\Desktop\Диплом\Altium\diploma\Scheme.SchDoc with Jumper from giro-stable.SchLib
Replace Part LD1 LED in C:\Users\Шитов Дмитрий\Desktop\Диплом\Altium\diploma\Scheme.SchDoc with LED from giro-stable.SchLib
Replace Part LD2 LED in C:\Users\Шитов Дмитрий\Desktop\Диплом\Altium\diploma\Scheme.SchDoc with LED from giro-stable.SchLib
Replace Part R2 R0805 in C:\Users\Шитов Дмитрий\Desktop\Диплом\Altium\diploma\Scheme.SchDoc with R0805 from giro-stable.SchLib
Replace Part R3 R0805 in C:\Users\Шитов Дмитрий\Desktop\Диплом\Altium\diploma\Scheme.SchDoc with R0805 from giro-stable.SchLib
Replace Part R4 R0805 in C:\Users\Шитов Дмитрий\Desktop\Диплом\Altium\diploma\Scheme.SchDoc with R0805 from giro-stable.SchLib
Replace Part R5 R0805 in C:\Users\Шитов Дмитрий\Desktop\Диплом\Altium\diploma\Scheme.SchDoc with R0805 from giro-stable.SchLib
Replace Part R6 R0805 in C:\Users\Шитов Дмитрий\Desktop\Диплом\Altium\diploma\Scheme.SchDoc with R0805 from giro-stable.SchLib
Replace Part R7 R0805 in C:\Users\Шитов Дмитрий\Desktop\Диплом\Altium\diploma\Scheme.SchDoc with R0805 from giro-stable.SchLib
Replace Part U1 ATmega8 in C:\Users\Шитов Дмитрий\Desktop\Диплом\Altium\diploma\Scheme.SchDoc with ATmega8 from giro-stable.SchLib
Replace Part U2 7805 SMD in C:\Users\Шитов Дмитрий\Desktop\Диплом\Altium\diploma\Scheme.SchDoc with 7805 SMD from giro-stable.SchLib
Replace Part U3 7805 SMD in C:\Users\Шитов Дмитрий\Desktop\Диплом\Altium\diploma\Scheme.SchDoc with 7805 SMD from giro-stable.SchLib
Replace Part X1 XTAL in C:\Users\Шитов Дмитрий\Desktop\Диплом\Altium\diploma\Scheme.SchDoc with XTAL from giro-stable.SchLib
Replace Part XP1 Вилка ВН-10 in C:\Users\Шитов Дмитрий\Desktop\Диплом\Altium\diploma\Scheme.SchDoc with Вилка ВН-10 from giro-stable.SchLib
Replace Part XS1 MG-10-222 in C:\Users\Шитов Дмитрий\Desktop\Диплом\Altium\diploma\Scheme.SchDoc with MG-10-222 from giro-stable.SchLib
